2023-08-16 02:42:44 INFO: 当前工作目录: /home/runner/work/veiwblbl/veiwblbl
2023-08-16 02:42:47 INFO: 加载浏览器配置......
2023-08-16 02:42:47 INFO: 当前浏览器内核为: chromium
2023-08-16 02:42:57 INFO: 浏览器加载完成......
2023-08-16 02:42:57 INFO: 正在打开网页: https://live.bilibili.com/30279606
2023-08-16 02:43:09 INFO: 当前使用的 user_agent 为: Mozilla/5.0 (Macintosh; Intel Mac OS X 10_15_7) AppleWebKit/537.36 (KHTML, like Gecko) Chrome/113.0.0.0 Safari/537.36 Edg/113.0.1774.57
2023-08-16 02:43:09 INFO: 成功打开网页: https://live.bilibili.com/30279606
2023-08-16 02:43:16 INFO: 移动鼠标到: 356, 579
2023-08-16 02:43:18 INFO: 截图
2023-08-16 02:43:18 INFO: 尝试清理截图文件夹,防止占用磁盘空间
2023-08-16 02:45:37 INFO: 当前工作目录: /home/runner/work/veiwblbl/veiwblbl
2023-08-16 02:45:39 INFO: 加载浏览器配置......
2023-08-16 02:45:39 INFO: 当前浏览器内核为: chromium
2023-08-16 02:45:53 INFO: 浏览器加载完成......
2023-08-16 02:45:53 INFO: 正在打开网页: https://live.bilibili.com/30279606
2023-08-16 02:46:06 INFO: 当前使用的 user_agent 为: Mozilla/5.0 (Macintosh; Intel Mac OS X 10_15_7) AppleWebKit/537.36 (KHTML, like Gecko) Chrome/113.0.0.0 Safari/537.36 Edg/113.0.1774.57
2023-08-16 02:46:06 INFO: 成功打开网页: https://live.bilibili.com/30279606
2023-08-16 02:46:11 INFO: 移动鼠标到: 110, 72
2023-08-16 02:46:14 INFO: 截图
2023-08-16 02:46:15 INFO: 尝试清理截图文件夹,防止占用磁盘空间
2023-08-17 00:11:33 INFO: 当前工作目录: /home/runner/work/veiwblbl/veiwblbl
2023-08-17 00:11:38 INFO: 加载浏览器配置......
2023-08-17 00:11:38 INFO: 当前浏览器内核为: chromium
2023-08-17 00:12:18 INFO: 浏览器加载完成......
2023-08-17 00:12:18 INFO: 正在打开网页: https://live.bilibili.com/30279606
2023-08-17 00:12:42 INFO: 当前使用的 user_agent 为: Mozilla/5.0 (Macintosh; Intel Mac OS X 10_15_7) AppleWebKit/537.36 (KHTML, like Gecko) Chrome/113.0.0.0 Safari/537.36 Edg/113.0.1774.57
2023-08-17 00:12:42 INFO: 成功打开网页: https://live.bilibili.com/30279606
2023-08-17 00:12:46 INFO: 移动鼠标到: 527, 760
2023-08-17 00:12:48 INFO: 截图
2023-08-17 00:12:49 INFO: 尝试清理截图文件夹,防止占用磁盘空间
2023-08-17 02:03:17 INFO: 当前时间: 02:03:17.114587
2023-08-17 02:05:42 INFO: 当前时间: 02:05:42.867376
2023-08-17 02:08:59 INFO: 当前工作目录: /home/runner/work/veiwblbl/veiwblbl
2023-08-17 02:09:01 INFO: 加载浏览器配置......
2023-08-17 02:09:01 INFO: 当前浏览器内核为: chromium
2023-08-17 02:09:16 INFO: 浏览器加载完成......
2023-08-17 02:09:16 INFO: 正在打开网页: https://live.bilibili.com/30279606
2023-08-17 02:09:31 INFO: 当前使用的 user_agent 为: Mozilla/5.0 (Macintosh; Intel Mac OS X 10_15_7) AppleWebKit/537.36 (KHTML, like Gecko) Chrome/113.0.0.0 Safari/537.36 Edg/113.0.1774.57
2023-08-17 02:09:31 INFO: 成功打开网页: https://live.bilibili.com/30279606
2023-08-17 02:09:39 INFO: 当前时间: 02:09:39.711931
2023-08-17 02:09:39 INFO: 循环次数: 1
2023-08-17 02:09:39 INFO: 移动鼠标到: 443, 863
2023-08-17 02:09:39 INFO: 当前时间为: 02:09:39.762285
2023-08-17 02:09:44 INFO: 截图
2023-08-17 02:09:44 INFO: 尝试清理截图文件夹,防止占用磁盘空间
2023-08-18 00:09:18 INFO: 当前工作目录: /home/runner/work/veiwblbl/veiwblbl
2023-08-18 00:09:22 INFO: 加载浏览器配置......
2023-08-18 00:09:22 INFO: 当前浏览器内核为: chromium
2023-08-18 00:09:29 INFO: 浏览器加载完成......
2023-08-18 00:09:29 INFO: 正在打开网页: https://live.bilibili.com/30279606
2023-08-18 00:09:40 INFO: 当前使用的 user_agent 为: Mozilla/5.0 (Macintosh; Intel Mac OS X 10_15_7) AppleWebKit/537.36 (KHTML, like Gecko) Chrome/113.0.0.0 Safari/537.36 Edg/113.0.1774.57
2023-08-18 00:09:40 INFO: 成功打开网页: https://live.bilibili.com/30279606
2023-08-18 00:09:45 INFO: 当前时间: 00:09:45.955353
2023-08-18 00:09:45 INFO: 循环次数: 20
2023-08-18 00:09:45 INFO: 移动鼠标到: 40, 356
2023-08-18 00:09:45 INFO: 当前时间为: 00:09:45.999322
2023-08-18 00:09:48 INFO: 截图
2023-08-18 00:09:49 INFO: 移动鼠标到: 262, 339
2023-08-18 00:09:49 INFO: 当前时间为: 00:09:49.524141
2023-08-18 00:09:49 INFO: 截图
2023-08-18 00:09:50 INFO: 移动鼠标到: 270, 188
2023-08-18 00:09:50 INFO: 当前时间为: 00:09:50.688398
2023-08-18 00:10:21 INFO: 截图
2023-08-18 00:10:22 INFO: 移动鼠标到: 321, 652
2023-08-18 00:10:22 INFO: 当前时间为: 00:10:22.740308
2023-08-18 00:10:53 INFO: 截图
2023-08-18 00:10:54 INFO: 移动鼠标到: 16, 574
2023-08-18 00:10:54 INFO: 当前时间为: 00:10:54.239835
2023-08-18 00:11:28 INFO: 截图
2023-08-18 00:11:28 INFO: 移动鼠标到: 322, 637
2023-08-18 00:11:28 INFO: 当前时间为: 00:11:28.619416
2023-08-18 00:11:59 INFO: 截图
2023-08-18 00:12:00 INFO: 移动鼠标到: 190, 45
2023-08-18 00:12:00 INFO: 当前时间为: 00:12:00.381912
2023-08-18 00:12:30 INFO: 截图
2023-08-18 00:12:31 INFO: 移动鼠标到: 15, 698
2023-08-18 00:12:31 INFO: 当前时间为: 00:12:31.378807
2023-08-18 00:13:01 INFO: 截图
2023-08-18 00:13:02 INFO: 移动鼠标到: 56, 251
2023-08-18 00:13:02 INFO: 当前时间为: 00:13:02.677945
2023-08-18 00:13:36 INFO: 截图
2023-08-18 00:13:36 INFO: 移动鼠标到: 537, 499
2023-08-18 00:13:36 INFO: 当前时间为: 00:13:36.832602
2023-08-18 00:14:07 INFO: 截图
2023-08-18 00:14:08 INFO: 移动鼠标到: 458, 844
2023-08-18 00:14:08 INFO: 当前时间为: 00:14:08.251805
2023-08-18 00:14:39 INFO: 截图
2023-08-18 00:14:39 INFO: 移动鼠标到: 212, 823
2023-08-18 00:14:39 INFO: 当前时间为: 00:14:39.725421
2023-08-18 00:15:10 INFO: 移动鼠标到: 534, 351
2023-08-18 00:15:10 INFO: 当前时间为: 00:15:10.780795
2023-08-18 00:15:44 INFO: 移动鼠标到: 539, 546
2023-08-18 00:15:44 INFO: 当前时间为: 00:15:44.074648
2023-08-18 00:16:14 INFO: 移动鼠标到: 192, 14
2023-08-18 00:16:14 INFO: 当前时间为: 00:16:14.716651
2023-08-18 00:16:45 INFO: 移动鼠标到: 169, 894
2023-08-18 00:16:45 INFO: 当前时间为: 00:16:45.136686
2023-08-18 00:17:15 INFO: 移动鼠标到: 463, 631
2023-08-18 00:17:15 INFO: 当前时间为: 00:17:15.323835
2023-08-18 00:17:49 INFO: 移动鼠标到: 529, 798
2023-08-18 00:17:49 INFO: 当前时间为: 00:17:49.880332
2023-08-18 00:18:20 INFO: 移动鼠标到: 171, 532
2023-08-18 00:18:20 INFO: 当前时间为: 00:18:20.645179
2023-08-18 00:18:51 INFO: 移动鼠标到: 603, 157
2023-08-18 00:18:51 INFO: 当前时间为: 00:18:51.352686
2023-08-18 00:19:21 INFO: 尝试清理截图文件夹,防止占用磁盘空间
2023-08-19 00:10:41 INFO: 当前工作目录: /home/runner/work/veiwblbl/veiwblbl
2023-08-19 00:10:44 INFO: 加载浏览器配置......
2023-08-19 00:10:44 INFO: 当前浏览器内核为: chromium
2023-08-19 00:10:54 INFO: 浏览器加载完成......
2023-08-19 00:10:54 INFO: 正在打开网页: https://live.bilibili.com/30279606
2023-08-19 00:11:07 INFO: 当前使用的 user_agent 为: Mozilla/5.0 (Macintosh; Intel Mac OS X 10_15_7) AppleWebKit/537.36 (KHTML, like Gecko) Chrome/113.0.0.0 Safari/537.36 Edg/113.0.1774.57
2023-08-19 00:11:07 INFO: 成功打开网页: https://live.bilibili.com/30279606
2023-08-19 00:11:12 INFO: 当前时间: 00:11:12.577532
2023-08-19 00:11:12 INFO: 循环次数: 20
2023-08-19 00:11:12 INFO: 移动鼠标到: 406, 188
2023-08-19 00:11:12 INFO: 当前时间为: 00:11:12.653360
2023-08-19 00:11:15 INFO: 截图
2023-08-19 00:11:16 INFO: 移动鼠标到: 467, 770
2023-08-19 00:11:16 INFO: 当前时间为: 00:11:16.327032
2023-08-19 00:11:16 INFO: 截图
2023-08-19 00:11:17 INFO: 移动鼠标到: 391, 328
2023-08-19 00:11:17 INFO: 当前时间为: 00:11:17.184120
2023-08-19 00:11:47 INFO: 截图
2023-08-19 00:11:48 INFO: 移动鼠标到: 457, 551
2023-08-19 00:11:48 INFO: 当前时间为: 00:11:48.169169
2023-08-19 00:12:18 INFO: 截图
2023-08-19 00:12:19 INFO: 移动鼠标到: 654, 189
2023-08-19 00:12:19 INFO: 当前时间为: 00:12:19.546181
2023-08-19 00:12:51 INFO: 截图
2023-08-19 00:12:52 INFO: 移动鼠标到: 110, 10
2023-08-19 00:12:52 INFO: 当前时间为: 00:12:52.053501
2023-08-19 00:13:22 INFO: 截图
2023-08-19 00:13:22 INFO: 移动鼠标到: 14, 190
2023-08-19 00:13:22 INFO: 当前时间为: 00:13:22.744398
2023-08-19 00:13:53 INFO: 截图
2023-08-19 00:13:53 INFO: 移动鼠标到: 421, 522
2023-08-19 00:13:53 INFO: 当前时间为: 00:13:53.914553
2023-08-19 00:14:23 INFO: 截图
2023-08-19 00:14:24 INFO: 移动鼠标到: 588, 661
2023-08-19 00:14:24 INFO: 当前时间为: 00:14:24.425835
2023-08-19 00:14:57 INFO: 截图
2023-08-19 00:14:58 INFO: 移动鼠标到: 121, 149
2023-08-19 00:14:58 INFO: 当前时间为: 00:14:58.178860
2023-08-19 00:15:28 INFO: 截图
2023-08-19 00:15:29 INFO: 移动鼠标到: 584, 202
2023-08-19 00:15:29 INFO: 当前时间为: 00:15:29.368673
2023-08-19 00:16:00 INFO: 截图
2023-08-19 00:16:01 INFO: 移动鼠标到: 486, 304
2023-08-19 00:16:01 INFO: 当前时间为: 00:16:01.191629
2023-08-19 00:16:32 INFO: 移动鼠标到: 429, 410
2023-08-19 00:16:32 INFO: 当前时间为: 00:16:32.173859
2023-08-19 00:17:05 INFO: 移动鼠标到: 519, 677
2023-08-19 00:17:05 INFO: 当前时间为: 00:17:05.136543
2023-08-19 00:17:36 INFO: 移动鼠标到: 311, 37
2023-08-19 00:17:36 INFO: 当前时间为: 00:17:36.205837
2023-08-19 00:18:06 INFO: 移动鼠标到: 196, 827
2023-08-19 00:18:06 INFO: 当前时间为: 00:18:06.889324
2023-08-19 00:18:37 INFO: 移动鼠标到: 522, 100
2023-08-19 00:18:37 INFO: 当前时间为: 00:18:37.648525
2023-08-19 00:19:10 INFO: 移动鼠标到: 429, 655
2023-08-19 00:19:10 INFO: 当前时间为: 00:19:10.131095
2023-08-19 00:19:41 INFO: 移动鼠标到: 150, 564
2023-08-19 00:19:41 INFO: 当前时间为: 00:19:41.011623
2023-08-19 00:20:11 INFO: 移动鼠标到: 498, 612
2023-08-19 00:20:11 INFO: 当前时间为: 00:20:11.753367
2023-08-19 00:20:42 INFO: 尝试清理截图文件夹,防止占用磁盘空间
